<?xml version="1.0" encoding="UTF-8"?>
<testsuite name="Project 1.Test Suite 1" tests="1" failures="1" errors="0" time="0.579"><properties>
[...]
</properties><testcase name="KafkaTest" time="0.579"><failure type="The test run was cancelled due to a failed test step." message="The test run was cancelled due to a failed test step."><![CDATA[<h3><b>Publish Failed</b></h3><pre>No resolvable bootstrap urls given in bootstrap.servers
Status: FAIL
Time Taken: 0
Size: 0
Timestamp: Thu Mar 09 21:15:53 GMT 2023
TestStep: Publish

----------------- Messages ------------------------------
No resolvable bootstrap urls given in bootstrap.servers
</pre><hr/>]]></failure></testcase></testsuite>